86115795460 kdbg: Hello from handler_install function
86115797459 kdbg: idt_base: 0x00100100
86115801631 kdbg: idt_timer: 0x00100200 handler_address: 0x0010104c
86115802193 kdbg: In timer handler
86115803091 kdbg: Hello from a brand new kernel!
86123571449 kdbg: In timer handler
86123588211 kdbg: In timer handler
86123604973 kdbg: In timer handler
86123621735 kdbg: In timer handler
86123638497 kdbg: In timer handler
86123655259 kdbg: In timer handler
86123672021 kdbg: In timer handler
86123688783 kdbg: In timer handler
86123705545 kdbg: In timer handler
86123722307 kdbg: In timer handler
86123739069 kdbg: In timer handler
86123755831 kdbg: In timer handler
86123772593 kdbg: In timer handler
86123789355 kdbg: In timer handler
86123806117 kdbg: In timer handler
86123822879 kdbg: In timer handler
86123839641 kdbg: In timer handler
86123856403 kdbg: In timer handler
86123873165 kdbg: In timer handler
86123889927 kdbg: In timer handler
86123906689 kdbg: In timer handler
86123923451 kdbg: In timer handler
86123940213 kdbg: In timer handler
86123956975 kdbg: In timer handler
86123973737 kdbg: In timer handler
86123990499 kdbg: In timer handler
86124007261 kdbg: In timer handler
86124024023 kdbg: In timer handler
86124040785 kdbg: In timer handler
86124057547 kdbg: In timer handler
86124074309 kdbg: In timer handler
86124091071 kdbg: In timer handler
86124107833 kdbg: In timer handler
86124124595 kdbg: In timer handler
86124141357 kdbg: In timer handler
86124158119 kdbg: In timer handler
86124174881 kdbg: In timer handler
86124191643 kdbg: In timer handler
86124208405 kdbg: In timer handler
86124225167 kdbg: In timer handler
86124241929 kdbg: In timer handler
86124258691 kdbg: In timer handler
86124275453 kdbg: In timer handler
86124292215 kdbg: In timer handler
86124308977 kdbg: In timer handler
86124325739 kdbg: In timer handler
86124342501 kdbg: In timer handler
86124359263 kdbg: In timer handler
86124376025 kdbg: In timer handler
86124392787 kdbg: In timer handler
86124409549 kdbg: In timer handler
86124426311 kdbg: In timer handler
86124443073 kdbg: In timer handler
86124459835 kdbg: In timer handler
86124476597 kdbg: In timer handler
86124493359 kdbg: In timer handler
86124510121 kdbg: In timer handler
86124526883 kdbg: In timer handler
86124543645 kdbg: In timer handler
86124560407 kdbg: In timer handler
86124577169 kdbg: In timer handler
86124593931 kdbg: In timer handler
86124610693 kdbg: In timer handler
86124627455 kdbg: In timer handler
86124644217 kdbg: In timer handler
86124660979 kdbg: In timer handler
86124677741 kdbg: In timer handler
86124694503 kdbg: In timer handler
86124711265 kdbg: In timer handler
86124728027 kdbg: In timer handler
86124744789 kdbg: In timer handler
86124761551 kdbg: In timer handler
86124778313 kdbg: In timer handler
86124795075 kdbg: In timer handler
86124811837 kdbg: In timer handler
86124828599 kdbg: In timer handler
86124845361 kdbg: In timer handler
86124862123 kdbg: In timer handler
86124878885 kdbg: In timer handler
86124895647 kdbg: In timer handler
86124912409 kdbg: In timer handler
86124929171 kdbg: In timer handler
86124945933 kdbg: In timer handler
86124962695 kdbg: In timer handler
86124979457 kdbg: In timer handler
86124996219 kdbg: In timer handler
86125012981 kdbg: In timer handler
86125029743 kdbg: In timer handler
86125046505 kdbg: In timer handler
86125063267 kdbg: In timer handler
86125080029 kdbg: In timer handler
86125096791 kdbg: In timer handler
86125113553 kdbg: In timer handler
86125130315 kdbg: In timer handler
86125147077 kdbg: In timer handler
86125163839 kdbg: In timer handler
86125180601 kdbg: In timer handler
86125197363 kdbg: In timer handler
86125214125 kdbg: In timer handler
86125230887 kdbg: In timer handler
86125247649 kdbg: In timer handler
86125264411 kdbg: In timer handler
86125281173 kdbg: In timer handler
86125297935 kdbg: In timer handler
86125314697 kdbg: In timer handler
86125331459 kdbg: In timer handler
86125348221 kdbg: In timer handler
86125364983 kdbg: In timer handler
86125381745 kdbg: In timer handler
86125398507 kdbg: In timer handler
86125415269 kdbg: In timer handler
86125432031 kdbg: In timer handler
86125448793 kdbg: In timer handler
86125465555 kdbg: In timer handler
86125482317 kdbg: In timer handler
86125499079 kdbg: In timer handler
86125515841 kdbg: In timer handler
86125532603 kdbg: In timer handler
86125549365 kdbg: In timer handler
86125566127 kdbg: In timer handler
86125582889 kdbg: In timer handler
86125599651 kdbg: In timer handler
86125616413 kdbg: In timer handler
86125633175 kdbg: In timer handler
86125649937 kdbg: In timer handler
86125666699 kdbg: In timer handler
86125683461 kdbg: In timer handler
86125700223 kdbg: In timer handler
86125716985 kdbg: In timer handler
86125733747 kdbg: In timer handler
86125750509 kdbg: In timer handler
86125767271 kdbg: In timer handler
86125784033 kdbg: In timer handler
86125800795 kdbg: In timer handler
86125817557 kdbg: In timer handler
86125834319 kdbg: In timer handler
86125851081 kdbg: In timer handler
86125867843 kdbg: In timer handler
86125884605 kdbg: In timer handler
86125901367 kdbg: In timer handler
86125918129 kdbg: In timer handler
86125934891 kdbg: In timer handler
86125951653 kdbg: In timer handler
86125968415 kdbg: In timer handler
86125985177 kdbg: In timer handler
86126001939 kdbg: In timer handler
86126018701 kdbg: In timer handler
86126035463 kdbg: In timer handler
86126052225 kdbg: In timer handler
86126068987 kdbg: In timer handler
86126085749 kdbg: In timer handler
86126102511 kdbg: In timer handler
86126119273 kdbg: In timer handler
86126136035 kdbg: In timer handler
86126152797 kdbg: In timer handler
86126169559 kdbg: In timer handler
86126186321 kdbg: In timer handler
86126203083 kdbg: In timer handler
86126219845 kdbg: In timer handler
86126236607 kdbg: In timer handler
86126253369 kdbg: In timer handler
86126270131 kdbg: In timer handler
86126286893 kdbg: In timer handler
86126303655 kdbg: In timer handler
86126320417 kdbg: In timer handler
86126337179 kdbg: In timer handler
86126353941 kdbg: In timer handler
86126370703 kdbg: In timer handler
86126387465 kdbg: In timer handler
86126404227 kdbg: In timer handler
86126420989 kdbg: In timer handler
86126437751 kdbg: In timer handler
86126454513 kdbg: In timer handler
86126471275 kdbg: In timer handler
86126488037 kdbg: In timer handler
86126504799 kdbg: In timer handler
86126521561 kdbg: In timer handler
86126538323 kdbg: In timer handler
86126555085 kdbg: In timer handler
86126571847 kdbg: In timer handler
86126588609 kdbg: In timer handler
86126605371 kdbg: In timer handler
86126622133 kdbg: In timer handler
86126638895 kdbg: In timer handler
86126655657 kdbg: In timer handler
86126672419 kdbg: In timer handler
86126689181 kdbg: In timer handler
86126705943 kdbg: In timer handler
86126722705 kdbg: In timer handler
86126739467 kdbg: In timer handler
86126756229 kdbg: In timer handler
86126772991 kdbg: In timer handler
86126789753 kdbg: In timer handler
86126806515 kdbg: In timer handler
86126823277 kdbg: In timer handler
86126840039 kdbg: In timer handler
86126856801 kdbg: In timer handler
86126873563 kdbg: In timer handler
86126890325 kdbg: In timer handler
86126907087 kdbg: In timer handler
86126923849 kdbg: In timer handler
86126940611 kdbg: In timer handler
86126957373 kdbg: In timer handler
86126974135 kdbg: In timer handler
86126990897 kdbg: In timer handler
86127007659 kdbg: In timer handler
86127024421 kdbg: In timer handler
86127041183 kdbg: In timer handler
86127057945 kdbg: In timer handler
86127074707 kdbg: In timer handler
86127091469 kdbg: In timer handler
86127108231 kdbg: In timer handler
86127124993 kdbg: In timer handler
86127141755 kdbg: In timer handler
86127158517 kdbg: In timer handler
86127175279 kdbg: In timer handler
86127192041 kdbg: In timer handler
86127208803 kdbg: In timer handler
86127225565 kdbg: In timer handler
86127242327 kdbg: In timer handler
86127259089 kdbg: In timer handler
86127275851 kdbg: In timer handler
86127292613 kdbg: In timer handler
86127309375 kdbg: In timer handler
86127326137 kdbg: In timer handler
86127342899 kdbg: In timer handler
86127359661 kdbg: In timer handler
86127376423 kdbg: In timer handler
86127393185 kdbg: In timer handler
86127409947 kdbg: In timer handler
86127426709 kdbg: In timer handler
86127443471 kdbg: In timer handler
86127460233 kdbg: In timer handler
86127476995 kdbg: In timer handler
86127493757 kdbg: In timer handler
86127510519 kdbg: In timer handler
86127527281 kdbg: In timer handler
86127544043 kdbg: In timer handler
86127560805 kdbg: In timer handler
86127577567 kdbg: In timer handler
86127594329 kdbg: In timer handler
86127611091 kdbg: In timer handler
86127627853 kdbg: In timer handler
86127644615 kdbg: In timer handler
86127661377 kdbg: In timer handler
86127678139 kdbg: In timer handler
86127694901 kdbg: In timer handler
86127711663 kdbg: In timer handler
86127728425 kdbg: In timer handler
86127745187 kdbg: In timer handler
86127761949 kdbg: In timer handler
86127778711 kdbg: In timer handler
86127795473 kdbg: In timer handler
86127812235 kdbg: In timer handler
86127828997 kdbg: In timer handler
86127845759 kdbg: In timer handler
86127862521 kdbg: In timer handler
86127879283 kdbg: In timer handler
86127896045 kdbg: In timer handler
86127912807 kdbg: In timer handler
86127929569 kdbg: In timer handler
86127946331 kdbg: In timer handler
86127963093 kdbg: In timer handler
86127979855 kdbg: In timer handler
86127996617 kdbg: In timer handler
86128013379 kdbg: In timer handler
86128030141 kdbg: In timer handler
86128046903 kdbg: In timer handler
86128063665 kdbg: In timer handler
86128080427 kdbg: In timer handler
86128097189 kdbg: In timer handler
86128113951 kdbg: In timer handler
86128130713 kdbg: In timer handler
86128147475 kdbg: In timer handler
86128164237 kdbg: In timer handler
86128180999 kdbg: In timer handler
86128197761 kdbg: In timer handler
86128214523 kdbg: In timer handler
86128231285 kdbg: In timer handler
86128248047 kdbg: In timer handler
86128264809 kdbg: In timer handler
86128281571 kdbg: In timer handler
86128298333 kdbg: In timer handler
86128315095 kdbg: In timer handler
86128331857 kdbg: In timer handler
86128348619 kdbg: In timer handler
86128365381 kdbg: In timer handler
86128382143 kdbg: In timer handler
86128398905 kdbg: In timer handler
86128415667 kdbg: In timer handler
86128432429 kdbg: In timer handler
86128449191 kdbg: In timer handler
86128465953 kdbg: In timer handler
86128482715 kdbg: In timer handler
86128499477 kdbg: In timer handler
86128516239 kdbg: In timer handler
86128533001 kdbg: In timer handler
86128549763 kdbg: In timer handler
86128566525 kdbg: In timer handler
86128583287 kdbg: In timer handler
86128600049 kdbg: In timer handler
86128616811 kdbg: In timer handler
86128633573 kdbg: In timer handler
86128650335 kdbg: In timer handler
86128667097 kdbg: In timer handler
86128683859 kdbg: In timer handler
86128700621 kdbg: In timer handler
86128717383 kdbg: In timer handler
86128734145 kdbg: In timer handler
86128750907 kdbg: In timer handler
86128767669 kdbg: In timer handler
86128784431 kdbg: In timer handler
86128801193 kdbg: In timer handler
86128817955 kdbg: In timer handler
86128834717 kdbg: In timer handler
86128851479 kdbg: In timer handler
86128868241 kdbg: In timer handler
86128885003 kdbg: In timer handler
86128901765 kdbg: In timer handler
86128918527 kdbg: In timer handler
86128935289 kdbg: In timer handler
86128952051 kdbg: In timer handler
86128968813 kdbg: In timer handler
86128985575 kdbg: In timer handler
86129002337 kdbg: In timer handler
86129019099 kdbg: In timer handler
86129035861 kdbg: In timer handler
86129052623 kdbg: In timer handler
86129069385 kdbg: In timer handler
86129086147 kdbg: In timer handler
86129102909 kdbg: In timer handler
86129119671 kdbg: In timer handler
86129136433 kdbg: In timer handler
86129153195 kdbg: In timer handler
86129169957 kdbg: In timer handler
86129186719 kdbg: In timer handler
86129203481 kdbg: In timer handler
86129220243 kdbg: In timer handler
86129237005 kdbg: In timer handler
86129253767 kdbg: In timer handler
86129270529 kdbg: In timer handler
86129287291 kdbg: In timer handler
86129304053 kdbg: In timer handler
86129320815 kdbg: In timer handler
86129337577 kdbg: In timer handler
86129354339 kdbg: In timer handler
86129371101 kdbg: In timer handler
86129387863 kdbg: In timer handler
86129404625 kdbg: In timer handler
86129421387 kdbg: In timer handler
86129438149 kdbg: In timer handler
86129454911 kdbg: In timer handler
86129471673 kdbg: In timer handler
86129488435 kdbg: In timer handler
86129505197 kdbg: In timer handler
86129521959 kdbg: In timer handler
86129538721 kdbg: In timer handler
86129555483 kdbg: In timer handler
86129572245 kdbg: In timer handler
86129589007 kdbg: In timer handler
86129605769 kdbg: In timer handler
86129622531 kdbg: In timer handler
86129639293 kdbg: In timer handler
86129656055 kdbg: In timer handler
86129672817 kdbg: In timer handler
86129689579 kdbg: In timer handler
86129706341 kdbg: In timer handler
86129723103 kdbg: In timer handler
86129739865 kdbg: In timer handler
86129756627 kdbg: In timer handler
86129773389 kdbg: In timer handler
86129790151 kdbg: In timer handler
86129806913 kdbg: In timer handler
86129823675 kdbg: In timer handler
86129840437 kdbg: In timer handler
86129857199 kdbg: In timer handler
86129873961 kdbg: In timer handler
86129890723 kdbg: In timer handler
86129907485 kdbg: In timer handler
86129924247 kdbg: In timer handler
86129941009 kdbg: In timer handler
86129957771 kdbg: In timer handler
86129974533 kdbg: In timer handler
86129991295 kdbg: In timer handler
86130008057 kdbg: In timer handler
86130024819 kdbg: In timer handler
86130041581 kdbg: In timer handler
86130058343 kdbg: In timer handler
86130075105 kdbg: In timer handler
86130091867 kdbg: In timer handler
86130108629 kdbg: In timer handler
86130125391 kdbg: In timer handler
86130142153 kdbg: In timer handler
86130158915 kdbg: In timer handler
86130175677 kdbg: In timer handler
86130192439 kdbg: In timer handler
86130209201 kdbg: In timer handler
86130225963 kdbg: In timer handler
86130242725 kdbg: In timer handler
86130259487 kdbg: In timer handler
86130276249 kdbg: In timer handler
86130293011 kdbg: In timer handler
86130309773 kdbg: In timer handler
86130326535 kdbg: In timer handler
86130343297 kdbg: In timer handler
86130360059 kdbg: In timer handler
86130376821 kdbg: In timer handler
86130393583 kdbg: In timer handler
86130410345 kdbg: In timer handler
86130427107 kdbg: In timer handler
86130443869 kdbg: In timer handler
86130460631 kdbg: In timer handler
86130477393 kdbg: In timer handler
86130494155 kdbg: In timer handler
86130510917 kdbg: In timer handler
86130527679 kdbg: In timer handler
86130544441 kdbg: In timer handler
86130561203 kdbg: In timer handler
86130577965 kdbg: In timer handler
86130594727 kdbg: In timer handler
86130611489 kdbg: In timer handler
86130628251 kdbg: In timer handler
86130645013 kdbg: In timer handler
86130661775 kdbg: In timer handler
86130678537 kdbg: In timer handler
86130695299 kdbg: In timer handler
86130712061 kdbg: In timer handler
86130728823 kdbg: In timer handler
86130745585 kdbg: In timer handler
86130762347 kdbg: In timer handler
86130779109 kdbg: In timer handler
86130795871 kdbg: In timer handler
86130812633 kdbg: In timer handler
86130829395 kdbg: In timer handler
86130846157 kdbg: In timer handler
86130862919 kdbg: In timer handler
86130879681 kdbg: In timer handler
86130896443 kdbg: In timer handler
86130913205 kdbg: In timer handler
86130929967 kdbg: In timer handler
86130946729 kdbg: In timer handler
86130963491 kdbg: In timer handler
86130980253 kdbg: In timer handler
86130997015 kdbg: In timer handler
86131013777 kdbg: In timer handler
86131030539 kdbg: In timer handler
86131047301 kdbg: In timer handler
86131064063 kdbg: In timer handler
86131080825 kdbg: In timer handler
86131097587 kdbg: In timer handler
86131114349 kdbg: In timer handler
86131131111 kdbg: In timer handler
86131147873 kdbg: In timer handler
86131164635 kdbg: In timer handler
86131181397 kdbg: In timer handler
86131198159 kdbg: In timer handler
86131214921 kdbg: In timer handler
86131231683 kdbg: In timer handler
86131248445 kdbg: In timer handler
86131265207 kdbg: In timer handler
86131281969 kdbg: In timer handler
86131298731 kdbg: In timer handler
86131315493 kdbg: In timer handler
86131332255 kdbg: In timer handler
86131349017 kdbg: In timer handler
86131365779 kdbg: In timer handler
86131382541 kdbg: In timer handler
86131399303 kdbg: In timer handler
86131416065 kdbg: In timer handler
86131432827 kdbg: In timer handler
86131449589 kdbg: In timer handler
86131466351 kdbg: In timer handler
86131483113 kdbg: In timer handler
86131499875 kdbg: In timer handler
86131516637 kdbg: In timer handler
86131533399 kdbg: In timer handler
86131550161 kdbg: In timer handler
86131566923 kdbg: In timer handler
86131583685 kdbg: In timer handler
86131600447 kdbg: In timer handler
86131617209 kdbg: In timer handler
86131633971 kdbg: In timer handler
86131650733 kdbg: In timer handler
86131667495 kdbg: In timer handler
86131684257 kdbg: In timer handler
86131701019 kdbg: In timer handler
86131717781 kdbg: In timer handler
86131734543 kdbg: In timer handler
86131751305 kdbg: In timer handler
86131768067 kdbg: In timer handler
86131784829 kdbg: In timer handler
86131801591 kdbg: In timer handler
86131818353 kdbg: In timer handler
86131835115 kdbg: In timer handler
86131851877 kdbg: In timer handler
86131868639 kdbg: In timer handler
86131885401 kdbg: In timer handler
86131902163 kdbg: In timer handler
86131918925 kdbg: In timer handler
86131935687 kdbg: In timer handler
86131952449 kdbg: In timer handler
86131969211 kdbg: In timer handler
86131985973 kdbg: In timer handler
86132002735 kdbg: In timer handler
86132019497 kdbg: In timer handler
86132036259 kdbg: In timer handler
86132053021 kdbg: In timer handler
86132069783 kdbg: In timer handler
86132086545 kdbg: In timer handler
86132103307 kdbg: In timer handler
86132120069 kdbg: In timer handler
86132136831 kdbg: In timer handler
86132153593 kdbg: In timer handler
86132170355 kdbg: In timer handler
86132187117 kdbg: In timer handler
86132203879 kdbg: In timer handler
86132220641 kdbg: In timer handler
86132237403 kdbg: In timer handler
86132254165 kdbg: In timer handler
86132270927 kdbg: In timer handler
86132287689 kdbg: In timer handler
86132304451 kdbg: In timer handler
86132321213 kdbg: In timer handler
86132337975 kdbg: In timer handler
86132354737 kdbg: In timer handler
86132371499 kdbg: In timer handler
86132388261 kdbg: In timer handler
86132405023 kdbg: In timer handler
86132421785 kdbg: In timer handler
86132438547 kdbg: In timer handler
86132455309 kdbg: In timer handler
86132472071 kdbg: In timer handler
86132488833 kdbg: In timer handler
86132505595 kdbg: In timer handler
86132522357 kdbg: In timer handler
86132539119 kdbg: In timer handler
86132555881 kdbg: In timer handler
86132572643 kdbg: In timer handler
86132589405 kdbg: In timer handler
86132606167 kdbg: In timer handler
86132622929 kdbg: In timer handler
86132639691 kdbg: In timer handler
86132656453 kdbg: In timer handler
86132673215 kdbg: In timer handler
86132689977 kdbg: In timer handler
86132706739 kdbg: In timer handler
86132723501 kdbg: In timer handler
86132740263 kdbg: In timer handler
86132757025 kdbg: In timer handler
86132773787 kdbg: In timer handler
86132790549 kdbg: In timer handler
86132807311 kdbg: In timer handler
86132824073 kdbg: In timer handler
86132840835 kdbg: In timer handler
86132857597 kdbg: In timer handler
86132874359 kdbg: In timer handler
86132891121 kdbg: In timer handler
86132907883 kdbg: In timer handler
86132924645 kdbg: In timer handler
86132941407 kdbg: In timer handler
86132958169 kdbg: In timer handler
86132974931 kdbg: In timer handler
86132991693 kdbg: In timer handler
86133008455 kdbg: In timer handler
86133025217 kdbg: In timer handler
86133041979 kdbg: In timer handler
86133058741 kdbg: In timer handler
86133075503 kdbg: In timer handler
86133092265 kdbg: In timer handler
86133109027 kdbg: In timer handler
86133125789 kdbg: In timer handler
86133142551 kdbg: In timer handler
86133159313 kdbg: In timer handler
86133176075 kdbg: In timer handler
86133192837 kdbg: In timer handler
86133209599 kdbg: In timer handler
86133226361 kdbg: In timer handler
86133243123 kdbg: In timer handler
86133259885 kdbg: In timer handler
86133276647 kdbg: In timer handler
86133293409 kdbg: In timer handler
86133310171 kdbg: In timer handler
86133326933 kdbg: In timer handler
86133343695 kdbg: In timer handler
86133360457 kdbg: In timer handler
86133377219 kdbg: In timer handler
86133393981 kdbg: In timer handler
86133410743 kdbg: In timer handler
86133427505 kdbg: In timer handler
86133444267 kdbg: In timer handler
86133461029 kdbg: In timer handler
86133477791 kdbg: In timer handler
86133494553 kdbg: In timer handler
86133511315 kdbg: In timer handler
86133528077 kdbg: In timer handler
86133544839 kdbg: In timer handler
86133561601 kdbg: In timer handler
86133578363 kdbg: In timer handler
86133595125 kdbg: In timer handler
86133611887 kdbg: In timer handler
86133628649 kdbg: In timer handler
86133645411 kdbg: In timer handler
86133662173 kdbg: In timer handler
86133678935 kdbg: In timer handler
86133695697 kdbg: In timer handler
86133712459 kdbg: In timer handler
86133729221 kdbg: In timer handler
86133745983 kdbg: In timer handler
86133762745 kdbg: In timer handler
86133779507 kdbg: In timer handler
86133796269 kdbg: In timer handler
86133813031 kdbg: In timer handler
86133829793 kdbg: In timer handler
86133846555 kdbg: In timer handler
86133863317 kdbg: In timer handler
86133880079 kdbg: In timer handler
86133896841 kdbg: In timer handler
86133913603 kdbg: In timer handler
86133930365 kdbg: In timer handler
86133947127 kdbg: In timer handler
86133963889 kdbg: In timer handler
86133980651 kdbg: In timer handler
86133997413 kdbg: In timer handler
86134014175 kdbg: In timer handler
86134030937 kdbg: In timer handler
86134047699 kdbg: In timer handler
86134064461 kdbg: In timer handler
86134081223 kdbg: In timer handler
86134097985 kdbg: In timer handler
86134114747 kdbg: In timer handler
86134131509 kdbg: In timer handler
86134148271 kdbg: In timer handler
86134165033 kdbg: In timer handler
86134181795 kdbg: In timer handler
86134198557 kdbg: In timer handler
86134215319 kdbg: In timer handler
86134232081 kdbg: In timer handler
86134248843 kdbg: In timer handler
86134265605 kdbg: In timer handler
86134282367 kdbg: In timer handler
86134299129 kdbg: In timer handler
86134315891 kdbg: In timer handler
86134332653 kdbg: In timer handler
86134349415 kdbg: In timer handler
86134366177 kdbg: In timer handler
86134382939 kdbg: In timer handler
86134399701 kdbg: In timer handler
86134416463 kdbg: In timer handler
86134433225 kdbg: In timer handler
86134449987 kdbg: In timer handler
86134466749 kdbg: In timer handler
86134483511 kdbg: In timer handler
86134500273 kdbg: In timer handler
86134517035 kdbg: In timer handler
86134533797 kdbg: In timer handler
86134550559 kdbg: In timer handler
86134567321 kdbg: In timer handler
86134584083 kdbg: In timer handler
86134600845 kdbg: In timer handler
86134617607 kdbg: In timer handler
86134634369 kdbg: In timer handler
86134651131 kdbg: In timer handler
86134667893 kdbg: In timer handler
86134684655 kdbg: In timer handler
86134701417 kdbg: In timer handler
86134718179 kdbg: In timer handler
86134734941 kdbg: In timer handler
86134751703 kdbg: In timer handler
86134768465 kdbg: In timer handler
86134785227 kdbg: In timer handler
86134801989 kdbg: In timer handler
86134818751 kdbg: In timer handler
86134835513 kdbg: In timer handler
86134852275 kdbg: In timer handler
86134869037 kdbg: In timer handler
86134885799 kdbg: In timer handler
86134902561 kdbg: In timer handler
86134919323 kdbg: In timer handler
86134936085 kdbg: In timer handler
86134952847 kdbg: In timer handler
86134969609 kdbg: In timer handler
86134986371 kdbg: In timer handler
86135003133 kdbg: In timer handler
86135019895 kdbg: In timer handler
86135036657 kdbg: In timer handler
86135053419 kdbg: In timer handler
86135070181 kdbg: In timer handler
86135086943 kdbg: In timer handler
86135103705 kdbg: In timer handler
86135120467 kdbg: In timer handler
86135137229 kdbg: In timer handler
86135153991 kdbg: In timer handler
86135170753 kdbg: In timer handler
86135187515 kdbg: In timer handler
86135204277 kdbg: In timer handler
86135221039 kdbg: In timer handler
86135237801 kdbg: In timer handler
86135254563 kdbg: In timer handler
86135271325 kdbg: In timer handler
86135288087 kdbg: In timer handler
86135304849 kdbg: In timer handler
86135321611 kdbg: In timer handler
86135338373 kdbg: In timer handler
86135355135 kdbg: In timer handler
86135371897 kdbg: In timer handler
86135388659 kdbg: In timer handler
86135405421 kdbg: In timer handler
86135422183 kdbg: In timer handler
86135438945 kdbg: In timer handler
86135455707 kdbg: In timer handler
86135472469 kdbg: In timer handler
86135489231 kdbg: In timer handler
86135505993 kdbg: In timer handler
86135522755 kdbg: In timer handler
86135539517 kdbg: In timer handler
86135556279 kdbg: In timer handler
86135573041 kdbg: In timer handler
86135589803 kdbg: In timer handler
86135606565 kdbg: In timer handler
86135623327 kdbg: In timer handler
86135640089 kdbg: In timer handler
86135656851 kdbg: In timer handler
86135673613 kdbg: In timer handler
86135690375 kdbg: In timer handler
86135707137 kdbg: In timer handler
86135723899 kdbg: In timer handler
86135740661 kdbg: In timer handler
86135757423 kdbg: In timer handler
86135774185 kdbg: In timer handler
86135790947 kdbg: In timer handler
86135807709 kdbg: In timer handler
86135824471 kdbg: In timer handler
86135841233 kdbg: In timer handler
86135857995 kdbg: In timer handler
86135874757 kdbg: In timer handler
86135891519 kdbg: In timer handler
86135908281 kdbg: In timer handler
86135925043 kdbg: In timer handler
86135941805 kdbg: In timer handler
86135958567 kdbg: In timer handler
86135975329 kdbg: In timer handler
86135992091 kdbg: In timer handler
86136008853 kdbg: In timer handler
86136025615 kdbg: In timer handler
86136042377 kdbg: In timer handler
86136059139 kdbg: In timer handler
86136075901 kdbg: In timer handler
86136092663 kdbg: In timer handler
86136109425 kdbg: In timer handler
86136126187 kdbg: In timer handler
86136142949 kdbg: In timer handler
86136159711 kdbg: In timer handler
86136176473 kdbg: In timer handler
86136193235 kdbg: In timer handler
86136209997 kdbg: In timer handler
86136226759 kdbg: In timer handler
86136243521 kdbg: In timer handler
86136260283 kdbg: In timer handler
86136277045 kdbg: In timer handler
86136293807 kdbg: In timer handler
86136310569 kdbg: In timer handler
86136327331 kdbg: In timer handler
86136344093 kdbg: In timer handler
86136360855 kdbg: In timer handler
86136377617 kdbg: In timer handler
86136394379 kdbg: In timer handler
86136411141 kdbg: In timer handler
86136427903 kdbg: In timer handler
86136444665 kdbg: In timer handler
86136461427 kdbg: In timer handler
86136478189 kdbg: In timer handler
86136494951 kdbg: In timer handler
86136511713 kdbg: In timer handler
86136528475 kdbg: In timer handler
86136545237 kdbg: In timer handler
86136561999 kdbg: In timer handler
86136578761 kdbg: In timer handler
86136595523 kdbg: In timer handler
86136612285 kdbg: In timer handler
86136629047 kdbg: In timer handler
86136645809 kdbg: In timer handler
86136662571 kdbg: In timer handler
86136679333 kdbg: In timer handler
86136696095 kdbg: In timer handler
86136712857 kdbg: In timer handler
86136729619 kdbg: In timer handler
86136746381 kdbg: In timer handler
86136763143 kdbg: In timer handler
86136779905 kdbg: In timer handler
86136796667 kdbg: In timer handler
86136813429 kdbg: In timer handler
86136830191 kdbg: In timer handler
86136846953 kdbg: In timer handler
86136863715 kdbg: In timer handler
86136880477 kdbg: In timer handler
86136897239 kdbg: In timer handler
86136914001 kdbg: In timer handler
86136930763 kdbg: In timer handler
86136947525 kdbg: In timer handler
86136964287 kdbg: In timer handler
86136981049 kdbg: In timer handler
86136997811 kdbg: In timer handler
86137014573 kdbg: In timer handler
86137031335 kdbg: In timer handler
86137048097 kdbg: In timer handler
86137064859 kdbg: In timer handler
86137081621 kdbg: In timer handler
86137098383 kdbg: In timer handler
86137115145 kdbg: In timer handler
86137131907 kdbg: In timer handler
86137148669 kdbg: In timer handler
86137165431 kdbg: In timer handler
86137182193 kdbg: In timer handler
86137198955 kdbg: In timer handler
86137215717 kdbg: In timer handler
86137232479 kdbg: In timer handler
86137249241 kdbg: In timer handler
86137266003 kdbg: In timer handler
86137282765 kdbg: In timer handler
86137299527 kdbg: In timer handler
86137316289 kdbg: In timer handler
86137333051 kdbg: In timer handler
86137349813 kdbg: In timer handler
86137366575 kdbg: In timer handler
86137383337 kdbg: In timer handler
86137400099 kdbg: In timer handler
86137416861 kdbg: In timer handler
86137433623 kdbg: In timer handler
86137450385 kdbg: In timer handler
86137467147 kdbg: In timer handler
86137483909 kdbg: In timer handler
86137500671 kdbg: In timer handler
86137517433 kdbg: In timer handler
86137534195 kdbg: In timer handler
86137550957 kdbg: In timer handler
86137567719 kdbg: In timer handler
86137584481 kdbg: In timer handler
86137601243 kdbg: In timer handler
86137618005 kdbg: In timer handler
86137634767 kdbg: In timer handler
86137651529 kdbg: In timer handler
86137668291 kdbg: In timer handler
86137685053 kdbg: In timer handler
86137701815 kdbg: In timer handler
86137718577 kdbg: In timer handler
86137735339 kdbg: In timer handler
86137752101 kdbg: In timer handler
86137768863 kdbg: In timer handler
86137785625 kdbg: In timer handler
86137802387 kdbg: In timer handler
86137819149 kdbg: In timer handler
86137835911 kdbg: In timer handler
86137852673 kdbg: In timer handler
86137869435 kdbg: In timer handler
86137886197 kdbg: In timer handler
86137902959 kdbg: In timer handler
86137919721 kdbg: In timer handler
86137936483 kdbg: In timer handler
86137953245 kdbg: In timer handler
86137970007 kdbg: In timer handler
86137986769 kdbg: In timer handler
86138003531 kdbg: In timer handler
86138020293 kdbg: In timer handler
86138037055 kdbg: In timer handler
86138053817 kdbg: In timer handler
86138070579 kdbg: In timer handler
86138087341 kdbg: In timer handler
86138104103 kdbg: In timer handler
86138120865 kdbg: In timer handler
86138137627 kdbg: In timer handler
86138154389 kdbg: In timer handler
86138171151 kdbg: In timer handler
86138187913 kdbg: In timer handler
86138204675 kdbg: In timer handler
86138221437 kdbg: In timer handler
86138238199 kdbg: In timer handler
86138254961 kdbg: In timer handler
86138271723 kdbg: In timer handler
86138288485 kdbg: In timer handler
86138305247 kdbg: In timer handler
86138322009 kdbg: In timer handler
86138338771 kdbg: In timer handler
86138355533 kdbg: In timer handler
86138372295 kdbg: In timer handler
86138389057 kdbg: In timer handler
86138405819 kdbg: In timer handler
86138422581 kdbg: In timer handler
86138439343 kdbg: In timer handler
86138456105 kdbg: In timer handler
86138472867 kdbg: In timer handler
86138489629 kdbg: In timer handler
86138506391 kdbg: In timer handler
86138523153 kdbg: In timer handler
86138539915 kdbg: In timer handler
86138556677 kdbg: In timer handler
86138573439 kdbg: In timer handler
86138590201 kdbg: In timer handler
86138606963 kdbg: In timer handler
86138623725 kdbg: In timer handler
86138640487 kdbg: In timer handler
86138657249 kdbg: In timer handler
86138674011 kdbg: In timer handler
86138690773 kdbg: In timer handler
86138707535 kdbg: In timer handler
86138724297 kdbg: In timer handler
86138741059 kdbg: In timer handler
86138757821 kdbg: In timer handler
86138774583 kdbg: In timer handler
86138791345 kdbg: In timer handler
86138808107 kdbg: In timer handler
86138824869 kdbg: In timer handler
86138841631 kdbg: In timer handler
86138858393 kdbg: In timer handler
86138875155 kdbg: In timer handler
86138891917 kdbg: In timer handler
86138908679 kdbg: In timer handler
86138925441 kdbg: In timer handler
86138942203 kdbg: In timer handler
86138958965 kdbg: In timer handler
86138975727 kdbg: In timer handler
86138992489 kdbg: In timer handler
86139009251 kdbg: In timer handler
86139026013 kdbg: In timer handler
86139042775 kdbg: In timer handler
86139059537 kdbg: In timer handler
86139076299 kdbg: In timer handler
86139093061 kdbg: In timer handler
86139109823 kdbg: In timer handler
86139126585 kdbg: In timer handler
86139143347 kdbg: In timer handler
86139160109 kdbg: In timer handler
86139176871 kdbg: In timer handler
86139193633 kdbg: In timer handler
86139210395 kdbg: In timer handler
86139227157 kdbg: In timer handler
86139243919 kdbg: In timer handler
86139260681 kdbg: In timer handler
86139277443 kdbg: In timer handler
86139294205 kdbg: In timer handler
86139310967 kdbg: In timer handler
86139327729 kdbg: In timer handler
86139344491 kdbg: In timer handler
86139361253 kdbg: In timer handler
86139378015 kdbg: In timer handler
86139394777 kdbg: In timer handler
86139411539 kdbg: In timer handler
86139428301 kdbg: In timer handler
86139445063 kdbg: In timer handler
86139461825 kdbg: In timer handler
86139478587 kdbg: In timer handler
86139495349 kdbg: In timer handler
86139512111 kdbg: In timer handler
86139528873 kdbg: In timer handler
86139545635 kdbg: In timer handler
86139562397 kdbg: In timer handler
86139579159 kdbg: In timer handler
86139595921 kdbg: In timer handler
86139612683 kdbg: In timer handler
86139629445 kdbg: In timer handler
86139646207 kdbg: In timer handler
86139662969 kdbg: In timer handler
86139679731 kdbg: In timer handler
86139696493 kdbg: In timer handler
86139713255 kdbg: In timer handler
86139730017 kdbg: In timer handler
86139746779 kdbg: In timer handler
86139763541 kdbg: In timer handler
86139780303 kdbg: In timer handler
86139797065 kdbg: In timer handler
86139813827 kdbg: In timer handler
86139830589 kdbg: In timer handler
86139847351 kdbg: In timer handler
86139864113 kdbg: In timer handler
86139880875 kdbg: In timer handler
86139897637 kdbg: In timer handler
86139914399 kdbg: In timer handler
86139931161 kdbg: In timer handler
86139947923 kdbg: In timer handler
86139964685 kdbg: In timer handler
86139981447 kdbg: In timer handler
86139998209 kdbg: In timer handler
86140014971 kdbg: In timer handler
86140031733 kdbg: In timer handler
86140048495 kdbg: In timer handler
86140065257 kdbg: In timer handler
86140082019 kdbg: In timer handler
86140098781 kdbg: In timer handler
86140115543 kdbg: In timer handler
86140132305 kdbg: In timer handler
86140149067 kdbg: In timer handler
86140165829 kdbg: In timer handler
86140182591 kdbg: In timer handler
86140199353 kdbg: In timer handler
86140216115 kdbg: In timer handler
86140232877 kdbg: In timer handler
86140249639 kdbg: In timer handler
86140266401 kdbg: In timer handler
86140283163 kdbg: In timer handler
86140299925 kdbg: In timer handler
86140316687 kdbg: In timer handler
86140333449 kdbg: In timer handler
86140350211 kdbg: In timer handler
86140366973 kdbg: In timer handler
86140383735 kdbg: In timer handler
86140400497 kdbg: In timer handler
86140417259 kdbg: In timer handler
86140434021 kdbg: In timer handler
86140450783 kdbg: In timer handler
86140467545 kdbg: In timer handler
86140484307 kdbg: In timer handler
86140501069 kdbg: In timer handler
86140517831 kdbg: In timer handler
86140534593 kdbg: In timer handler
86140551355 kdbg: In timer handler
86140568117 kdbg: In timer handler
86140584879 kdbg: In timer handler
86140601641 kdbg: In timer handler
86140618403 kdbg: In timer handler
86140635165 kdbg: In timer handler
86140651927 kdbg: In timer handler
86140668689 kdbg: In timer handler
86140685451 kdbg: In timer handler
86140702213 kdbg: In timer handler
86140718975 kdbg: In timer handler
86140735737 kdbg: In timer handler
86140752499 kdbg: In timer handler
86140769261 kdbg: In timer handler
86140786023 kdbg: In timer handler
86140802785 kdbg: In timer handler
86140819547 kdbg: In timer handler
86140836309 kdbg: In timer handler
86140853071 kdbg: In timer handler
86140869833 kdbg: In timer handler
86140886595 kdbg: In timer handler
86140903357 kdbg: In timer handler
86140920119 kdbg: In timer handler
86140936881 kdbg: In timer handler
86140953643 kdbg: In timer handler
86140970405 kdbg: In timer handler
86140987167 kdbg: In timer handler
86141003929 kdbg: In timer handler
86141020691 kdbg: In timer handler
86141037453 kdbg: In timer handler
86141054215 kdbg: In timer handler
86141070977 kdbg: In timer handler
86141087739 kdbg: In timer handler
86141104501 kdbg: In timer handler
86141121263 kdbg: In timer handler
86141138025 kdbg: In timer handler
86141154787 kdbg: In timer handler
86141171549 kdbg: In timer handler
86141188311 kdbg: In timer handler
86141205073 kdbg: In timer handler
86141221835 kdbg: In timer handler
86141238597 kdbg: In timer handler
86141255359 kdbg: In timer handler
86141272121 kdbg: In timer handler
86141288883 kdbg: In timer handler
86141305645 kdbg: In timer handler
86141322407 kdbg: In timer handler
86141339169 kdbg: In timer handler
86141355931 kdbg: In timer handler
86141372693 kdbg: In timer handler
86141389455 kdbg: In timer handler
86141406217 kdbg: In timer handler
86141422979 kdbg: In timer handler
86141439741 kdbg: In timer handler
86141456503 kdbg: In timer handler
86141473265 kdbg: In timer handler
86141490027 kdbg: In timer handler
86141506789 kdbg: In timer handler
86141523551 kdbg: In timer handler
86141540313 kdbg: In timer handler
86141557075 kdbg: In timer handler
86141573837 kdbg: In timer handler
86141590599 kdbg: In timer handler
86141607361 kdbg: In timer handler
86141624123 kdbg: In timer handler
86141640885 kdbg: In timer handler
86141657647 kdbg: In timer handler
86141674409 kdbg: In timer handler
86141691171 kdbg: In timer handler
86141707933 kdbg: In timer handler
86141724695 kdbg: In timer handler
86141741457 kdbg: In timer handler
86141758219 kdbg: In timer handler
86141774981 kdbg: In timer handler
86141791743 kdbg: In timer handler
86141808505 kdbg: In timer handler
86141825267 kdbg: In timer handler
86141842029 kdbg: In timer handler
86141858791 kdbg: In timer handler
86141875553 kdbg: In timer handler
86141892315 kdbg: In timer handler
86141909077 kdbg: In timer handler
86141925839 kdbg: In timer handler
86141942601 kdbg: In timer handler
86141959363 kdbg: In timer handler
86141976125 kdbg: In timer handler
86141992887 kdbg: In timer handler
86142009649 kdbg: In timer handler
86142026411 kdbg: In timer handler
86142043173 kdbg: In timer handler
86142059935 kdbg: In timer handler
86142076697 kdbg: In timer handler
86142093459 kdbg: In timer handler
86142110221 kdbg: In timer handler
86142126983 kdbg: In timer handler
86142143745 kdbg: In timer handler
86142160507 kdbg: In timer handler
86142177269 kdbg: In timer handler
86142194031 kdbg: In timer handler
86142210793 kdbg: In timer handler
86142227555 kdbg: In timer handler
86142244317 kdbg: In timer handler
86142261079 kdbg: In timer handler
86142277841 kdbg: In timer handler
86142294603 kdbg: In timer handler
86142311365 kdbg: In timer handler
86142328127 kdbg: In timer handler
86142344889 kdbg: In timer handler
86142361651 kdbg: In timer handler
86142378413 kdbg: In timer handler
86142395175 kdbg: In timer handler
86142411937 kdbg: In timer handler
86142428699 kdbg: In timer handler
86142445461 kdbg: In timer handler
86142462223 kdbg: In timer handler
86142478985 kdbg: In timer handler
86142495747 kdbg: In timer handler
86142512509 kdbg: In timer handler
86142529271 kdbg: In timer handler
86142546033 kdbg: In timer handler
86142562795 kdbg: In timer handler
86142579557 kdbg: In timer handler
86142596319 kdbg: In timer handler
86142613081 kdbg: In timer handler
86142629843 kdbg: In timer handler
86142646605 kdbg: In timer handler
86142663367 kdbg: In timer handler
86142680129 kdbg: In timer handler
86142696891 kdbg: In timer handler
86142713653 kdbg: In timer handler
86142730415 kdbg: In timer handler
86142747177 kdbg: In timer handler
86142763939 kdbg: In timer handler
86142780701 kdbg: In timer handler
86142797463 kdbg: In timer handler
86142814225 kdbg: In timer handler
86142830987 kdbg: In timer handler
86142847749 kdbg: In timer handler
86142864511 kdbg: In timer handler
86142881273 kdbg: In timer handler
86142898035 kdbg: In timer handler
86142914797 kdbg: In timer handler
86142931559 kdbg: In timer handler
86142948321 kdbg: In timer handler
86142965083 kdbg: In timer handler
86142981845 kdbg: In timer handler
86142998607 kdbg: In timer handler
86143015369 kdbg: In timer handler
86143032131 kdbg: In timer handler
86143048893 kdbg: In timer handler
86143065655 kdbg: In timer handler
86143082417 kdbg: In timer handler
86143099179 kdbg: In timer handler
86143115941 kdbg: In timer handler
86143132703 kdbg: In timer handler
86143149465 kdbg: In timer handler
86143166227 kdbg: In timer handler
86143182989 kdbg: In timer handler
86143199751 kdbg: In timer handler
86143216513 kdbg: In timer handler
86143233275 kdbg: In timer handler
86143250037 kdbg: In timer handler
86143266799 kdbg: In timer handler
86143283561 kdbg: In timer handler
86143300323 kdbg: In timer handler
86143317085 kdbg: In timer handler
86143333847 kdbg: In timer handler
86143350609 kdbg: In timer handler
86143367371 kdbg: In timer handler
86143384133 kdbg: In timer handler
86143400895 kdbg: In timer handler
86143417657 kdbg: In timer handler
86143434419 kdbg: In timer handler
86143451181 kdbg: In timer handler
86143467943 kdbg: In timer handler
86143484705 kdbg: In timer handler
86143501467 kdbg: In timer handler
86143518229 kdbg: In timer handler
86143534991 kdbg: In timer handler
86143551753 kdbg: In timer handler
86143568515 kdbg: In timer handler
86143585277 kdbg: In timer handler
86143602039 kdbg: In timer handler
86143618801 kdbg: In timer handler
86143635563 kdbg: In timer handler
86143652325 kdbg: In timer handler
86143669087 kdbg: In timer handler
86143685849 kdbg: In timer handler
86143702611 kdbg: In timer handler
86143719373 kdbg: In timer handler
86143736135 kdbg: In timer handler
86143752897 kdbg: In timer handler
86143769659 kdbg: In timer handler
86143786421 kdbg: In timer handler
86143803183 kdbg: In timer handler
86143819945 kdbg: In timer handler
86143836707 kdbg: In timer handler
86143853469 kdbg: In timer handler
86143870231 kdbg: In timer handler
86143886993 kdbg: In timer handler
86143903755 kdbg: In timer handler
86143920517 kdbg: In timer handler
86143937279 kdbg: In timer handler
86143954041 kdbg: In timer handler
86143970803 kdbg: In timer handler
86143987565 kdbg: In timer handler
86144004327 kdbg: In timer handler
86144021089 kdbg: In timer handler
86144037851 kdbg: In timer handler
86144054613 kdbg: In timer handler
86144071375 kdbg: In timer handler
86144088137 kdbg: In timer handler
86144104899 kdbg: In timer handler
86144121661 kdbg: In timer handler
86144138423 kdbg: In timer handler
86144155185 kdbg: In timer handler
86144171947 kdbg: In timer handler
86144188709 kdbg: In timer handler
86144205471 kdbg: In timer handler
86144222233 kdbg: In timer handler
86144238995 kdbg: In timer handler
86144255757 kdbg: In timer handler
86144272519 kdbg: In timer handler
86144289281 kdbg: In timer handler
86144306043 kdbg: In timer handler
86144322805 kdbg: In timer handler
86144339567 kdbg: In timer handler
86144356329 kdbg: In timer handler
86144373091 kdbg: In timer handler
86144389853 kdbg: In timer handler
86144406615 kdbg: In timer handler
86144423377 kdbg: In timer handler
86144440139 kdbg: In timer handler
86144456901 kdbg: In timer handler
86144473663 kdbg: In timer handler
86144490425 kdbg: In timer handler
86144507187 kdbg: In timer handler
86144523949 kdbg: In timer handler
86144540711 kdbg: In timer handler
86144557473 kdbg: In timer handler
86144574235 kdbg: In timer handler
86144590997 kdbg: In timer handler
86144607759 kdbg: In timer handler
86144624521 kdbg: In timer handler
86144641283 kdbg: In timer handler
86144658045 kdbg: In timer handler
86144674807 kdbg: In timer handler
86144691569 kdbg: In timer handler
86144708331 kdbg: In timer handler
86144725093 kdbg: In timer handler
86144741855 kdbg: In timer handler
86144758617 kdbg: In timer handler
86144775379 kdbg: In timer handler
86144792141 kdbg: In timer handler
86144808903 kdbg: In timer handler
86144825665 kdbg: In timer handler
86144842427 kdbg: In timer handler
86144859189 kdbg: In timer handler
86144875951 kdbg: In timer handler
86144892713 kdbg: In timer handler
86144909475 kdbg: In timer handler
86144926237 kdbg: In timer handler
86144942999 kdbg: In timer handler
86144959761 kdbg: In timer handler
86144976523 kdbg: In timer handler
86144993285 kdbg: In timer handler
86145010047 kdbg: In timer handler
86145026809 kdbg: In timer handler
86145043571 kdbg: In timer handler
86145060333 kdbg: In timer handler
86145077095 kdbg: In timer handler
86145093857 kdbg: In timer handler
86145110619 kdbg: In timer handler
86145127381 kdbg: In timer handler
86145144143 kdbg: In timer handler
86145160905 kdbg: In timer handler
86145177667 kdbg: In timer handler
86145194429 kdbg: In timer handler
86145211191 kdbg: In timer handler
86145227953 kdbg: In timer handler
86145244715 kdbg: In timer handler
86145261477 kdbg: In timer handler
86145278239 kdbg: In timer handler
86145295001 kdbg: In timer handler
86145311763 kdbg: In timer handler
86145328525 kdbg: In timer handler
86145345287 kdbg: In timer handler
86145362049 kdbg: In timer handler
86145378811 kdbg: In timer handler
86145395573 kdbg: In timer handler
86145412335 kdbg: In timer handler
86145429097 kdbg: In timer handler
86145445859 kdbg: In timer handler
86145462621 kdbg: In timer handler
86145479383 kdbg: In timer handler
86145496145 kdbg: In timer handler
86145512907 kdbg: In timer handler
86145529669 kdbg: In timer handler
86145546431 kdbg: In timer handler
86145563193 kdbg: In timer handler
86145579955 kdbg: In timer handler
86145596717 kdbg: In timer handler
86145613479 kdbg: In timer handler
86145630241 kdbg: In timer handler
86145647003 kdbg: In timer handler
86145663765 kdbg: In timer handler
86145680527 kdbg: In timer handler
86145697289 kdbg: In timer handler
86145714051 kdbg: In timer handler
86145730813 kdbg: In timer handler
86145747575 kdbg: In timer handler
86145764337 kdbg: In timer handler
86145781099 kdbg: In timer handler
86145797861 kdbg: In timer handler
86145814623 kdbg: In timer handler
86145831385 kdbg: In timer handler
86145848147 kdbg: In timer handler
86145864909 kdbg: In timer handler
86145881671 kdbg: In timer handler
86145898433 kdbg: In timer handler
86145915195 kdbg: In timer handler
86145931957 kdbg: In timer handler
86145948719 kdbg: In timer handler
86145965481 kdbg: In timer handler
86145982243 kdbg: In timer handler
86145999005 kdbg: In timer handler
86146015767 kdbg: In timer handler
86146032529 kdbg: In timer handler
86146049291 kdbg: In timer handler
86146066053 kdbg: In timer handler
86146082815 kdbg: In timer handler
86146099577 kdbg: In timer handler
86146116339 kdbg: In timer handler
86146133101 kdbg: In timer handler
86146149863 kdbg: In timer handler
86146166625 kdbg: In timer handler
86146183387 kdbg: In timer handler
86146200149 kdbg: In timer handler
86146216911 kdbg: In timer handler
86146233673 kdbg: In timer handler
86146250435 kdbg: In timer handler
86146267197 kdbg: In timer handler
86146283959 kdbg: In timer handler
86146300721 kdbg: In timer handler
86146317483 kdbg: In timer handler
86146334245 kdbg: In timer handler
86146351007 kdbg: In timer handler
86146367769 kdbg: In timer handler
86146384531 kdbg: In timer handler
86146401293 kdbg: In timer handler
86146418055 kdbg: In timer handler
86146434817 kdbg: In timer handler
86146451579 kdbg: In timer handler
86146468341 kdbg: In timer handler
86146485103 kdbg: In timer handler
86146501865 kdbg: In timer handler
86146518627 kdbg: In timer handler
86146535389 kdbg: In timer handler
86146552151 kdbg: In timer handler
86146568913 kdbg: In timer handler
86146585675 kdbg: In timer handler
86146602437 kdbg: In timer handler
86146619199 kdbg: In timer handler
86146635961 kdbg: In timer handler
86146652723 kdbg: In timer handler
86146669485 kdbg: In timer handler
86146686247 kdbg: In timer handler
86146703009 kdbg: In timer handler
86146719771 kdbg: In timer handler
86146736533 kdbg: In timer handler
86146753295 kdbg: In timer handler
86146770057 kdbg: In timer handler
86146786819 kdbg: In timer handler
86146803581 kdbg: In timer handler
86146820343 kdbg: In timer handler
86146837105 kdbg: In timer handler
86146853867 kdbg: In timer handler
86146870629 kdbg: In timer handler
86146887391 kdbg: In timer handler
86146904153 kdbg: In timer handler
86146920915 kdbg: In timer handler
86146937677 kdbg: In timer handler
86146954439 kdbg: In timer handler
86146971201 kdbg: In timer handler
86146987963 kdbg: In timer handler
86147004725 kdbg: In timer handler
86147021487 kdbg: In timer handler
86147038249 kdbg: In timer handler
86147055011 kdbg: In timer handler
86147071773 kdbg: In timer handler
86147088535 kdbg: In timer handler
86147105297 kdbg: In timer handler
86147122059 kdbg: In timer handler
86147138821 kdbg: In timer handler
86147155583 kdbg: In timer handler
86147172345 kdbg: In timer handler
86147189107 kdbg: In timer handler
86147205869 kdbg: In timer handler
86147222631 kdbg: In timer handler
86147239393 kdbg: In timer handler
86147256155 kdbg: In timer handler
86147272917 kdbg: In timer handler
86147289679 kdbg: In timer handler
86147306441 kdbg: In timer handler
86147323203 kdbg: In timer handler
86147339965 kdbg: In timer handler
86147356727 kdbg: In timer handler
86147373489 kdbg: In timer handler
86147390251 kdbg: In timer handler
86147407013 kdbg: In timer handler
86147423775 kdbg: In timer handler
86147440537 kdbg: In timer handler
86147457299 kdbg: In timer handler
86147474061 kdbg: In timer handler
86147490823 kdbg: In timer handler
86147507585 kdbg: In timer handler
86147524347 kdbg: In timer handler
86147541109 kdbg: In timer handler
86147557871 kdbg: In timer handler
86147574633 kdbg: In timer handler
86147591395 kdbg: In timer handler
86147608157 kdbg: In timer handler
86147624919 kdbg: In timer handler
86147641681 kdbg: In timer handler
86147658443 kdbg: In timer handler
86147675205 kdbg: In timer handler
86147691967 kdbg: In timer handler
86147708729 kdbg: In timer handler
86147725491 kdbg: In timer handler
86147742253 kdbg: In timer handler
86147759015 kdbg: In timer handler
86147775777 kdbg: In timer handler
86147792539 kdbg: In timer handler
86147809301 kdbg: In timer handler
86147826063 kdbg: In timer handler
86147842825 kdbg: In timer handler
86147859587 kdbg: In timer handler
86147876349 kdbg: In timer handler
86147893111 kdbg: In timer handler
86147909873 kdbg: In timer handler
86147926635 kdbg: In timer handler
86147943397 kdbg: In timer handler
86147960159 kdbg: In timer handler
86147976921 kdbg: In timer handler
86147993683 kdbg: In timer handler
86148010445 kdbg: In timer handler
86148027207 kdbg: In timer handler
86148043969 kdbg: In timer handler
86148060731 kdbg: In timer handler
86148077493 kdbg: In timer handler
86148094255 kdbg: In timer handler
86148111017 kdbg: In timer handler
86148127779 kdbg: In timer handler
86148144541 kdbg: In timer handler
86148161303 kdbg: In timer handler
86148178065 kdbg: In timer handler
86148194827 kdbg: In timer handler
86148211589 kdbg: In timer handler
86148228351 kdbg: In timer handler
86148245113 kdbg: In timer handler
86148261875 kdbg: In timer handler
86148278637 kdbg: In timer handler
86148295399 kdbg: In timer handler
86148312161 kdbg: In timer handler
86148328923 kdbg: In timer handler
86148345685 kdbg: In timer handler
86148362447 kdbg: In timer handler
86148379209 kdbg: In timer handler
86148395971 kdbg: In timer handler
86148412733 kdbg: In timer handler
86148429495 kdbg: In timer handler
86148446257 kdbg: In timer handler
86148463019 kdbg: In timer handler
86148479781 kdbg: In timer handler
86148496543 kdbg: In timer handler
86148513305 kdbg: In timer handler
86148530067 kdbg: In timer handler
86148546829 kdbg: In timer handler
86148563591 kdbg: In timer handler
86148580353 kdbg: In timer handler
86148597115 kdbg: In timer handler
86148613877 kdbg: In timer handler
86148630639 kdbg: In timer handler
86148647401 kdbg: In timer handler
86148664163 kdbg: In timer handler
86148680925 kdbg: In timer handler
86148697687 kdbg: In timer handler
86148714449 kdbg: In timer handler
86148731211 kdbg: In timer handler
86148747973 kdbg: In timer handler
86148764735 kdbg: In timer handler
86148781497 kdbg: In timer handler
86148798259 kdbg: In timer handler
86148815021 kdbg: In timer handler
86148831783 kdbg: In timer handler
86148848545 kdbg: In timer handler
86148865307 kdbg: In timer handler
86148882069 kdbg: In timer handler
86148898831 kdbg: In timer handler
86148915593 kdbg: In timer handler
86148932355 kdbg: In timer handler
86148949117 kdbg: In timer handler
86148965879 kdbg: In timer handler
86148982641 kdbg: In timer handler
86148999403 kdbg: In timer handler
86149016165 kdbg: In timer handler
86149032927 kdbg: In timer handler
86149049689 kdbg: In timer handler
86149066451 kdbg: In timer handler
86149083213 kdbg: In timer handler
86149099975 kdbg: In timer handler
86149116737 kdbg: In timer handler
86149133499 kdbg: In timer handler
86149150261 kdbg: In timer handler
86149167023 kdbg: In timer handler
86149183785 kdbg: In timer handler
86149200547 kdbg: In timer handler
86149217309 kdbg: In timer handler
86149234071 kdbg: In timer handler
86149250833 kdbg: In timer handler
86149267595 kdbg: In timer handler
86149284357 kdbg: In timer handler
86149301119 kdbg: In timer handler
86149317881 kdbg: In timer handler
86149334643 kdbg: In timer handler
86149351405 kdbg: In timer handler
86149368167 kdbg: In timer handler
86149384929 kdbg: In timer handler
86149401691 kdbg: In timer handler
86149418453 kdbg: In timer handler
86149435215 kdbg: In timer handler
86149451977 kdbg: In timer handler
86149468739 kdbg: In timer handler
86149485501 kdbg: In timer handler
86149502263 kdbg: In timer handler
86149519025 kdbg: In timer handler
86149535787 kdbg: In timer handler
86149552549 kdbg: In timer handler
86149569311 kdbg: In timer handler
86149586073 kdbg: In timer handler
86149602835 kdbg: In timer handler
86149619597 kdbg: In timer handler
86149636359 kdbg: In timer handler
86149653121 kdbg: In timer handler
